  Bank System.cpp
D:\ps\Roadmap ProgrammingAdvices\11 - OOP as it Should Be (Applications)\Project 3 Bank System\Bank System\clsString.h(39,25): warning C4267: 'return': conversion from 'size_t' to 'short', possible loss of data
  (compiling source file 'Bank%20System.cpp')
  
D:\ps\Roadmap ProgrammingAdvices\11 - OOP as it Should Be (Applications)\Project 3 Bank System\Bank System\clsString.h(44,29): warning C4267: 'return': conversion from 'size_t' to 'short', possible loss of data
  (compiling source file 'Bank%20System.cpp')
  
D:\ps\Roadmap ProgrammingAdvices\11 - OOP as it Should Be (Applications)\Project 3 Bank System\Bank System\clsString.h(56,30): warning C4267: '=': conversion from 'size_t' to 'short', possible loss of data
  (compiling source file 'Bank%20System.cpp')
  
D:\ps\Roadmap ProgrammingAdvices\11 - OOP as it Should Be (Applications)\Project 3 Bank System\Bank System\clsString.h(193,29): warning C4267: 'return': conversion from 'size_t' to 'short', possible loss of data
  (compiling source file 'Bank%20System.cpp')
  
D:\ps\Roadmap ProgrammingAdvices\11 - OOP as it Should Be (Applications)\Project 3 Bank System\Bank System\clsString.h(324,30): warning C4267: '=': conversion from 'size_t' to 'short', possible loss of data
  (compiling source file 'Bank%20System.cpp')
  
D:\ps\Roadmap ProgrammingAdvices\11 - OOP as it Should Be (Applications)\Project 3 Bank System\Bank System\clsString.h(372,22): warning C4267: 'initializing': conversion from 'size_t' to 'short', possible loss of data
  (compiling source file 'Bank%20System.cpp')
  
D:\ps\Roadmap ProgrammingAdvices\11 - OOP as it Should Be (Applications)\Project 3 Bank System\Bank System\clsUtil.h(64,5): warning C4102: 'defualt': unreferenced label
  (compiling source file 'Bank%20System.cpp')
  
D:\ps\Roadmap ProgrammingAdvices\11 - OOP as it Should Be (Applications)\Project 3 Bank System\Bank System\clsUser.h(198,12): warning C4240: nonstandard extension used: access to 'clsUser::stLoginRegisterRecord' now defined to be 'public', previously it was defined to be 'private'
  (compiling source file 'Bank%20System.cpp')
  D:\ps\Roadmap ProgrammingAdvices\11 - OOP as it Should Be (Applications)\Project 3 Bank System\Bank System\clsUser.h(26,12):
  see declaration of 'clsUser::stLoginRegisterRecord'
  
D:\ps\Roadmap ProgrammingAdvices\11 - OOP as it Should Be (Applications)\Project 3 Bank System\Bank System\clsInputValidate.h(126,26): warning C4244: '=': conversion from 'double' to 'float', possible loss of data
  (compiling source file 'Bank%20System.cpp')
  
D:\ps\Roadmap ProgrammingAdvices\11 - OOP as it Should Be (Applications)\Project 3 Bank System\Bank System\clsBankClient.h(206,12): warning C4240: nonstandard extension used: access to 'clsBankClient::stTrnsferLogRecord' now defined to be 'public', previously it was defined to be 'private'
  (compiling source file 'Bank%20System.cpp')
  D:\ps\Roadmap ProgrammingAdvices\11 - OOP as it Should Be (Applications)\Project 3 Bank System\Bank System\clsBankClient.h(152,12):
  see declaration of 'clsBankClient::stTrnsferLogRecord'
  
D:\ps\Roadmap ProgrammingAdvices\11 - OOP as it Should Be (Applications)\Project 3 Bank System\Bank System\clsBankClient.h(28,65): warning C4244: 'argument': conversion from 'double' to 'float', possible loss of data
  (compiling source file 'Bank%20System.cpp')
  
D:\ps\Roadmap ProgrammingAdvices\11 - OOP as it Should Be (Applications)\Project 3 Bank System\Bank System\clsBankClient.h(162,39): warning C4244: '=': conversion from 'double' to 'float', possible loss of data
  (compiling source file 'Bank%20System.cpp')
  
D:\ps\Roadmap ProgrammingAdvices\11 - OOP as it Should Be (Applications)\Project 3 Bank System\Bank System\clsBankClient.h(163,48): warning C4244: '=': conversion from 'double' to 'float', possible loss of data
  (compiling source file 'Bank%20System.cpp')
  
D:\ps\Roadmap ProgrammingAdvices\11 - OOP as it Should Be (Applications)\Project 3 Bank System\Bank System\clsBankClient.h(164,49): warning C4244: '=': conversion from 'double' to 'float', possible loss of data
  (compiling source file 'Bank%20System.cpp')
  
D:\ps\Roadmap ProgrammingAdvices\11 - OOP as it Should Be (Applications)\Project 3 Bank System\Bank System\clsBankClient.h(421,28): warning C4244: '+=': conversion from 'double' to 'float', possible loss of data
  (compiling source file 'Bank%20System.cpp')
  
D:\ps\Roadmap ProgrammingAdvices\11 - OOP as it Should Be (Applications)\Project 3 Bank System\Bank System\clsBankClient.h(434,32): warning C4244: '-=': conversion from 'double' to 'float', possible loss of data
  (compiling source file 'Bank%20System.cpp')
  
D:\ps\Roadmap ProgrammingAdvices\11 - OOP as it Should Be (Applications)\Project 3 Bank System\Bank System\clsTotalBalancesScreen.h(57,82): warning C4244: 'argument': conversion from 'double' to 'int', possible loss of data
  (compiling source file 'Bank%20System.cpp')
  
D:\ps\Roadmap ProgrammingAdvices\11 - OOP as it Should Be (Applications)\Project 3 Bank System\Bank System\clsCurrency.h(27,17): warning C4244: 'argument': conversion from 'double' to 'float', possible loss of data
  (compiling source file 'Bank%20System.cpp')
  
D:\ps\Roadmap ProgrammingAdvices\11 - OOP as it Should Be (Applications)\Project 3 Bank System\Bank System\clsBankClient.h(376,1): warning C4715: 'clsBankClient::Save': not all control paths return a value
D:\ps\Roadmap ProgrammingAdvices\11 - OOP as it Should Be (Applications)\Project 3 Bank System\Bank System\clsBankClient.h(438,1): warning C4715: 'clsBankClient::Withdraw': not all control paths return a value
D:\ps\Roadmap ProgrammingAdvices\11 - OOP as it Should Be (Applications)\Project 3 Bank System\Bank System\clsUser.h(360,1): warning C4715: 'clsUser::Save': not all control paths return a value
  Bank System.vcxproj -> D:\ps\Roadmap ProgrammingAdvices\11 - OOP as it Should Be (Applications)\Project 3 Bank System\Bank System\x64\Debug\Bank System.exe
